<?xml version="1.0" encoding="UTF-8"?>
<!-- Generated by org.testng.reporters.JUnitReportReporter -->
<testsuite skipped="0" hostname="AIPC51" name="seleniumMain.Tests" tests="1" failures="0" timestamp="12 Feb 2019 13:26:17 GMT" time="30.442" errors="0">
  <testcase name="tcr" time="30.442" classname="seleniumMain.Tests"/>
</testsuite> <!-- seleniumMain.Tests -->
